<?xml version="1.0" encoding="UTF-8"?>
<coverage generated="1738074751065" clover="3.2.0">
  <project timestamp="1738074751065" name="All files">
    <metrics statements="106" coveredstatements="106" conditionals="28" coveredconditionals="24" methods="54" coveredmethods="54" elements="188" coveredelements="184" complexity="0" loc="106" ncloc="106" packages="5" files="9" classes="9"/>
    <package name="store">
      <metrics statements="2" coveredstatements="2" conditionals="0" coveredconditionals="0" methods="1" coveredmethods="1"/>
      <file name="reducers.ts" path="C:\Users\khale\Documents\Projects\redux-wrap-up\src\store\reducers.ts">
        <metrics statements="0" coveredstatements="0" conditionals="0" coveredconditionals="0" methods="0" coveredmethods="0"/>
      </file>
      <file name="store.ts" path="C:\Users\khale\Documents\Projects\redux-wrap-up\src\store\store.ts">
        <metrics statements="2" coveredstatements="2" conditionals="0" coveredconditionals="0" methods="1" coveredmethods="1"/>
        <line num="6" count="1" type="stmt"/>
        <line num="9" count="1" type="stmt"/>
      </file>
    </package>
    <package name="store.constants">
      <metrics statements="12" coveredstatements="12" conditionals="0" coveredconditionals="0" methods="6" coveredmethods="6"/>
      <file name="api-bugs-constants.ts" path="C:\Users\khale\Documents\Projects\redux-wrap-up\src\store\constants\api-bugs-constants.ts">
        <metrics statements="6" coveredstatements="6" conditionals="0" coveredconditionals="0" methods="3" coveredmethods="3"/>
        <line num="3" count="6" type="stmt"/>
        <line num="11" count="14" type="stmt"/>
        <line num="16" count="6" type="stmt"/>
        <line num="24" count="3" type="stmt"/>
        <line num="29" count="6" type="stmt"/>
        <line num="37" count="1" type="stmt"/>
      </file>
      <file name="api-users-constants.ts" path="C:\Users\khale\Documents\Projects\redux-wrap-up\src\store\constants\api-users-constants.ts">
        <metrics statements="6" coveredstatements="6" conditionals="0" coveredconditionals="0" methods="3" coveredmethods="3"/>
        <line num="3" count="5" type="stmt"/>
        <line num="11" count="7" type="stmt"/>
        <line num="16" count="5" type="stmt"/>
        <line num="24" count="2" type="stmt"/>
        <line num="29" count="5" type="stmt"/>
        <line num="37" count="1" type="stmt"/>
      </file>
    </package>
    <package name="store.entities">
      <metrics statements="67" coveredstatements="67" conditionals="14" coveredconditionals="13" methods="36" coveredmethods="36"/>
      <file name="bugs.ts" path="C:\Users\khale\Documents\Projects\redux-wrap-up\src\store\entities\bugs.ts">
        <metrics statements="54" coveredstatements="54" conditionals="14" coveredconditionals="13" methods="30" coveredmethods="30"/>
        <line num="17" count="6" type="stmt"/>
        <line num="26" count="4" type="stmt"/>
        <line num="29" count="2" type="stmt"/>
        <line num="32" count="2" type="stmt"/>
        <line num="33" count="2" type="stmt"/>
        <line num="34" count="2" type="stmt"/>
        <line num="37" count="1" type="stmt"/>
        <line num="38" count="1" type="stmt"/>
        <line num="39" count="1" type="cond" truecount="1" falsecount="1"/>
        <line num="40" count="1" type="stmt"/>
        <line num="41" count="1" type="stmt"/>
        <line num="44" count="4" type="stmt"/>
        <line num="45" count="4" type="stmt"/>
        <line num="48" count="4" type="stmt"/>
        <line num="49" count="4" type="cond" truecount="2" falsecount="0"/>
        <line num="51" count="3" type="cond" truecount="2" falsecount="0"/>
        <line num="52" count="2" type="stmt"/>
        <line num="54" count="3" type="cond" truecount="2" falsecount="0"/>
        <line num="55" count="1" type="stmt"/>
        <line num="57" count="3" type="cond" truecount="2" falsecount="0"/>
        <line num="58" count="1" type="stmt"/>
        <line num="60" count="3" type="cond" truecount="2" falsecount="0"/>
        <line num="61" count="1" type="stmt"/>
        <line num="63" count="3" type="cond" truecount="2" falsecount="0"/>
        <line num="64" count="1" type="stmt"/>
        <line num="66" count="3" type="stmt"/>
        <line num="68" count="3" type="stmt"/>
        <line num="77" count="1" type="stmt"/>
        <line num="78" count="1" type="stmt"/>
        <line num="79" count="1" type="stmt"/>
        <line num="85" count="6" type="stmt"/>
        <line num="87" count="6" type="stmt"/>
        <line num="88" count="6" type="stmt"/>
        <line num="89" count="6" type="stmt"/>
        <line num="90" count="3" type="stmt"/>
        <line num="91" count="2" type="stmt"/>
        <line num="101" count="6" type="stmt"/>
        <line num="102" count="3" type="stmt"/>
        <line num="111" count="3" type="stmt"/>
        <line num="114" count="3" type="stmt"/>
        <line num="117" count="6" type="stmt"/>
        <line num="118" count="2" type="stmt"/>
        <line num="128" count="6" type="stmt"/>
        <line num="129" count="1" type="stmt"/>
        <line num="139" count="6" type="stmt"/>
        <line num="140" count="1" type="stmt"/>
        <line num="163" count="6" type="stmt"/>
        <line num="164" count="3" type="stmt"/>
        <line num="167" count="6" type="stmt"/>
        <line num="168" count="2" type="stmt"/>
        <line num="169" count="3" type="stmt"/>
        <line num="173" count="6" type="stmt"/>
        <line num="174" count="2" type="stmt"/>
        <line num="175" count="3" type="stmt"/>
      </file>
      <file name="users.ts" path="C:\Users\khale\Documents\Projects\redux-wrap-up\src\store\entities\users.ts">
        <metrics statements="13" coveredstatements="13" conditionals="0" coveredconditionals="0" methods="6" coveredmethods="6"/>
        <line num="12" count="4" type="stmt"/>
        <line num="21" count="3" type="stmt"/>
        <line num="24" count="2" type="stmt"/>
        <line num="25" count="2" type="stmt"/>
        <line num="28" count="3" type="stmt"/>
        <line num="34" count="4" type="stmt"/>
        <line num="36" count="4" type="stmt"/>
        <line num="37" count="4" type="stmt"/>
        <line num="39" count="4" type="stmt"/>
        <line num="40" count="4" type="stmt"/>
        <line num="41" count="4" type="stmt"/>
        <line num="49" count="4" type="stmt"/>
        <line num="50" count="4" type="stmt"/>
      </file>
    </package>
    <package name="store.middleware">
      <metrics statements="20" coveredstatements="20" conditionals="8" coveredconditionals="6" methods="10" coveredmethods="10"/>
      <file name="bugs-api.ts" path="C:\Users\khale\Documents\Projects\redux-wrap-up\src\store\middleware\bugs-api.ts">
        <metrics statements="10" coveredstatements="10" conditionals="4" coveredconditionals="3" methods="5" coveredmethods="5"/>
        <line num="17" count="5" type="stmt"/>
        <line num="18" count="21" type="cond" truecount="2" falsecount="0"/>
        <line num="20" count="4" type="stmt"/>
        <line num="22" count="4" type="cond" truecount="1" falsecount="1"/>
        <line num="24" count="4" type="stmt"/>
        <line num="26" count="4" type="stmt"/>
        <line num="33" count="3" type="stmt"/>
        <line num="34" count="3" type="stmt"/>
        <line num="42" count="1" type="stmt"/>
        <line num="43" count="1" type="stmt"/>
      </file>
      <file name="users-api.ts" path="C:\Users\khale\Documents\Projects\redux-wrap-up\src\store\middleware\users-api.ts">
        <metrics statements="10" coveredstatements="10" conditionals="4" coveredconditionals="3" methods="5" coveredmethods="5"/>
        <line num="17" count="4" type="stmt"/>
        <line num="18" count="13" type="cond" truecount="2" falsecount="0"/>
        <line num="20" count="3" type="stmt"/>
        <line num="22" count="3" type="cond" truecount="1" falsecount="1"/>
        <line num="24" count="3" type="stmt"/>
        <line num="26" count="3" type="stmt"/>
        <line num="33" count="2" type="stmt"/>
        <line num="34" count="2" type="stmt"/>
        <line num="40" count="1" type="stmt"/>
        <line num="41" count="1" type="stmt"/>
      </file>
    </package>
    <package name="store.utils">
      <metrics statements="5" coveredstatements="5" conditionals="6" coveredconditionals="5" methods="1" coveredmethods="1"/>
      <file name="cache.ts" path="C:\Users\khale\Documents\Projects\redux-wrap-up\src\store\utils\cache.ts">
        <metrics statements="5" coveredstatements="5" conditionals="6" coveredconditionals="5" methods="1" coveredmethods="1"/>
        <line num="12" count="8" type="stmt"/>
        <line num="19" count="2" type="stmt"/>
        <line num="20" count="2" type="cond" truecount="1" falsecount="1"/>
        <line num="22" count="2" type="cond" truecount="4" falsecount="0"/>
        <line num="23" count="1" type="stmt"/>
      </file>
    </package>
  </project>
</coverage>
