<?xml version="1.0" encoding="UTF-8"?>
<coverage generated="1738025048200" clover="3.2.0">
  <project timestamp="1738025048200" name="All files">
    <metrics statements="104" coveredstatements="86" conditionals="32" coveredconditionals="21" methods="52" coveredmethods="43" elements="188" coveredelements="150" complexity="0" loc="104" ncloc="104" packages="5" files="9" classes="9"/>
    <package name="store">
      <metrics statements="2" coveredstatements="2" conditionals="0" coveredconditionals="0" methods="1" coveredmethods="1"/>
      <file name="reducers.ts" path="C:\Users\khale\Documents\Projects\redux-wrap-up\src\store\reducers.ts">
        <metrics statements="0" coveredstatements="0" conditionals="0" coveredconditionals="0" methods="0" coveredmethods="0"/>
      </file>
      <file name="store.ts" path="C:\Users\khale\Documents\Projects\redux-wrap-up\src\store\store.ts">
        <metrics statements="2" coveredstatements="2" conditionals="0" coveredconditionals="0" methods="1" coveredmethods="1"/>
        <line num="6" count="1" type="stmt"/>
        <line num="9" count="1" type="stmt"/>
      </file>
    </package>
    <package name="store.constants">
      <metrics statements="12" coveredstatements="10" conditionals="0" coveredconditionals="0" methods="6" coveredmethods="4"/>
      <file name="api-bugs-constants.ts" path="C:\Users\khale\Documents\Projects\redux-wrap-up\src\store\constants\api-bugs-constants.ts">
        <metrics statements="6" coveredstatements="5" conditionals="0" coveredconditionals="0" methods="3" coveredmethods="2"/>
        <line num="3" count="6" type="stmt"/>
        <line num="11" count="11" type="stmt"/>
        <line num="16" count="6" type="stmt"/>
        <line num="24" count="3" type="stmt"/>
        <line num="29" count="6" type="stmt"/>
        <line num="37" count="0" type="stmt"/>
      </file>
      <file name="api-users-constants.ts" path="C:\Users\khale\Documents\Projects\redux-wrap-up\src\store\constants\api-users-constants.ts">
        <metrics statements="6" coveredstatements="5" conditionals="0" coveredconditionals="0" methods="3" coveredmethods="2"/>
        <line num="3" count="4" type="stmt"/>
        <line num="11" count="5" type="stmt"/>
        <line num="16" count="4" type="stmt"/>
        <line num="24" count="0" type="stmt"/>
        <line num="29" count="4" type="stmt"/>
        <line num="37" count="1" type="stmt"/>
      </file>
    </package>
    <package name="store.entities">
      <metrics statements="65" coveredstatements="53" conditionals="18" coveredconditionals="10" methods="34" coveredmethods="29"/>
      <file name="bugs.ts" path="C:\Users\khale\Documents\Projects\redux-wrap-up\src\store\entities\bugs.ts">
        <metrics statements="52" coveredstatements="40" conditionals="18" coveredconditionals="10" methods="28" coveredmethods="23"/>
        <line num="17" count="6" type="stmt"/>
        <line num="26" count="3" type="stmt"/>
        <line num="29" count="0" type="stmt"/>
        <line num="32" count="2" type="stmt"/>
        <line num="33" count="2" type="stmt"/>
        <line num="34" count="2" type="stmt"/>
        <line num="37" count="0" type="stmt"/>
        <line num="38" count="0" type="stmt"/>
        <line num="39" count="0" type="cond" truecount="0" falsecount="2"/>
        <line num="40" count="0" type="stmt"/>
        <line num="43" count="4" type="stmt"/>
        <line num="44" count="4" type="stmt"/>
        <line num="47" count="4" type="stmt"/>
        <line num="48" count="4" type="cond" truecount="2" falsecount="0"/>
        <line num="50" count="3" type="cond" truecount="2" falsecount="0"/>
        <line num="51" count="1" type="stmt"/>
        <line num="53" count="3" type="cond" truecount="1" falsecount="1"/>
        <line num="54" count="0" type="stmt"/>
        <line num="56" count="3" type="cond" truecount="1" falsecount="1"/>
        <line num="57" count="0" type="stmt"/>
        <line num="59" count="3" type="cond" truecount="1" falsecount="1"/>
        <line num="60" count="0" type="stmt"/>
        <line num="62" count="3" type="stmt"/>
        <line num="63" count="3" type="cond" truecount="1" falsecount="1"/>
        <line num="64" count="0" type="stmt"/>
        <line num="66" count="3" type="cond" truecount="1" falsecount="1"/>
        <line num="67" count="0" type="stmt"/>
        <line num="69" count="3" type="stmt"/>
        <line num="78" count="0" type="stmt"/>
        <line num="79" count="0" type="stmt"/>
        <line num="85" count="6" type="stmt"/>
        <line num="87" count="6" type="stmt"/>
        <line num="88" count="6" type="stmt"/>
        <line num="89" count="6" type="stmt"/>
        <line num="90" count="3" type="stmt"/>
        <line num="91" count="2" type="stmt"/>
        <line num="101" count="6" type="stmt"/>
        <line num="102" count="2" type="stmt"/>
        <line num="111" count="2" type="stmt"/>
        <line num="114" count="2" type="stmt"/>
        <line num="117" count="6" type="stmt"/>
        <line num="118" count="2" type="stmt"/>
        <line num="128" count="6" type="stmt"/>
        <line num="129" count="1" type="stmt"/>
        <line num="151" count="6" type="stmt"/>
        <line num="152" count="3" type="stmt"/>
        <line num="155" count="6" type="stmt"/>
        <line num="156" count="2" type="stmt"/>
        <line num="157" count="3" type="stmt"/>
        <line num="161" count="6" type="stmt"/>
        <line num="162" count="2" type="stmt"/>
        <line num="163" count="3" type="stmt"/>
      </file>
      <file name="users.ts" path="C:\Users\khale\Documents\Projects\redux-wrap-up\src\store\entities\users.ts">
        <metrics statements="13" coveredstatements="13" conditionals="0" coveredconditionals="0" methods="6" coveredmethods="6"/>
        <line num="12" count="4" type="stmt"/>
        <line num="21" count="3" type="stmt"/>
        <line num="24" count="2" type="stmt"/>
        <line num="25" count="2" type="stmt"/>
        <line num="28" count="3" type="stmt"/>
        <line num="34" count="4" type="stmt"/>
        <line num="36" count="4" type="stmt"/>
        <line num="37" count="4" type="stmt"/>
        <line num="39" count="4" type="stmt"/>
        <line num="40" count="4" type="stmt"/>
        <line num="41" count="4" type="stmt"/>
        <line num="49" count="4" type="stmt"/>
        <line num="50" count="4" type="stmt"/>
      </file>
    </package>
    <package name="store.middleware">
      <metrics statements="20" coveredstatements="16" conditionals="8" coveredconditionals="6" methods="10" coveredmethods="8"/>
      <file name="bugs-api.ts" path="C:\Users\khale\Documents\Projects\redux-wrap-up\src\store\middleware\bugs-api.ts">
        <metrics statements="10" coveredstatements="8" conditionals="4" coveredconditionals="3" methods="5" coveredmethods="4"/>
        <line num="17" count="4" type="stmt"/>
        <line num="18" count="17" type="cond" truecount="2" falsecount="0"/>
        <line num="20" count="3" type="stmt"/>
        <line num="22" count="3" type="cond" truecount="1" falsecount="1"/>
        <line num="24" count="3" type="stmt"/>
        <line num="26" count="3" type="stmt"/>
        <line num="33" count="3" type="stmt"/>
        <line num="34" count="3" type="stmt"/>
        <line num="42" count="0" type="stmt"/>
        <line num="43" count="0" type="stmt"/>
      </file>
      <file name="users-api.ts" path="C:\Users\khale\Documents\Projects\redux-wrap-up\src\store\middleware\users-api.ts">
        <metrics statements="10" coveredstatements="8" conditionals="4" coveredconditionals="3" methods="5" coveredmethods="4"/>
        <line num="17" count="1" type="stmt"/>
        <line num="18" count="4" type="cond" truecount="2" falsecount="0"/>
        <line num="20" count="1" type="stmt"/>
        <line num="22" count="1" type="cond" truecount="1" falsecount="1"/>
        <line num="24" count="1" type="stmt"/>
        <line num="26" count="1" type="stmt"/>
        <line num="33" count="0" type="stmt"/>
        <line num="34" count="0" type="stmt"/>
        <line num="40" count="1" type="stmt"/>
        <line num="41" count="1" type="stmt"/>
      </file>
    </package>
    <package name="store.utils">
      <metrics statements="5" coveredstatements="5" conditionals="6" coveredconditionals="5" methods="1" coveredmethods="1"/>
      <file name="cache.ts" path="C:\Users\khale\Documents\Projects\redux-wrap-up\src\store\utils\cache.ts">
        <metrics statements="5" coveredstatements="5" conditionals="6" coveredconditionals="5" methods="1" coveredmethods="1"/>
        <line num="12" count="8" type="stmt"/>
        <line num="19" count="2" type="stmt"/>
        <line num="20" count="2" type="cond" truecount="1" falsecount="1"/>
        <line num="22" count="2" type="cond" truecount="4" falsecount="0"/>
        <line num="23" count="1" type="stmt"/>
      </file>
    </package>
  </project>
</coverage>
