{"C:\\Users\\khale\\Documents\\Projects\\redux-wrap-up\\src\\store\\reducers.ts": {"path":"C:\\Users\\khale\\Documents\\Projects\\redux-wrap-up\\src\\store\\reducers.ts","statementMap":{},"fnMap":{},"branchMap":{},"s":{},"f":{},"b":{},"_coverageSchema":"1a1c01bbd47fc00a2c39e90264f33305004495a9","hash":"26a53cc9e035181a8ac3ad60ae54c4bcf9adb45a"}
,"C:\\Users\\khale\\Documents\\Projects\\redux-wrap-up\\src\\store\\store.ts": {"path":"C:\\Users\\khale\\Documents\\Projects\\redux-wrap-up\\src\\store\\store.ts","statementMap":{"0":{"start":{"line":6,"column":14},"end":{"line":17,"column":2}},"1":{"start":{"line":9,"column":8},"end":{"line":13,"column":13}}},"fnMap":{"0":{"name":"(anonymous_0)","decl":{"start":{"line":8,"column":16},"end":{"line":8,"column":17}},"loc":{"start":{"line":9,"column":8},"end":{"line":13,"column":13}},"line":9}},"branchMap":{},"s":{"0":1,"1":1},"f":{"0":1},"b":{},"_coverageSchema":"1a1c01bbd47fc00a2c39e90264f33305004495a9","hash":"12c15dc2f4aa4451d660ddbda652bf3b347fb20f"}
,"C:\\Users\\khale\\Documents\\Projects\\redux-wrap-up\\src\\store\\constants\\api-bugs-constants.ts": {"path":"C:\\Users\\khale\\Documents\\Projects\\redux-wrap-up\\src\\store\\constants\\api-bugs-constants.ts","statementMap":{"0":{"start":{"line":3,"column":30},"end":{"line":14,"column":1}},"1":{"start":{"line":11,"column":11},"end":{"line":13,"column":5}},"2":{"start":{"line":16,"column":30},"end":{"line":27,"column":1}},"3":{"start":{"line":24,"column":11},"end":{"line":26,"column":5}},"4":{"start":{"line":29,"column":29},"end":{"line":40,"column":1}},"5":{"start":{"line":37,"column":11},"end":{"line":39,"column":5}}},"fnMap":{"0":{"name":"(anonymous_0)","decl":{"start":{"line":4,"column":4},"end":{"line":4,"column":5}},"loc":{"start":{"line":11,"column":11},"end":{"line":13,"column":5}},"line":11},"1":{"name":"(anonymous_1)","decl":{"start":{"line":17,"column":4},"end":{"line":17,"column":5}},"loc":{"start":{"line":24,"column":11},"end":{"line":26,"column":5}},"line":24},"2":{"name":"(anonymous_2)","decl":{"start":{"line":30,"column":4},"end":{"line":30,"column":5}},"loc":{"start":{"line":37,"column":11},"end":{"line":39,"column":5}},"line":37}},"branchMap":{},"s":{"0":6,"1":14,"2":6,"3":3,"4":6,"5":1},"f":{"0":14,"1":3,"2":1},"b":{},"_coverageSchema":"1a1c01bbd47fc00a2c39e90264f33305004495a9","hash":"6e28cb35114a204802f1e97b99af01d69e34a4ae"}
,"C:\\Users\\khale\\Documents\\Projects\\redux-wrap-up\\src\\store\\constants\\api-users-constants.ts": {"path":"C:\\Users\\khale\\Documents\\Projects\\redux-wrap-up\\src\\store\\constants\\api-users-constants.ts","statementMap":{"0":{"start":{"line":3,"column":30},"end":{"line":14,"column":1}},"1":{"start":{"line":11,"column":11},"end":{"line":13,"column":5}},"2":{"start":{"line":16,"column":30},"end":{"line":27,"column":1}},"3":{"start":{"line":24,"column":11},"end":{"line":26,"column":5}},"4":{"start":{"line":29,"column":29},"end":{"line":40,"column":1}},"5":{"start":{"line":37,"column":11},"end":{"line":39,"column":5}}},"fnMap":{"0":{"name":"(anonymous_0)","decl":{"start":{"line":4,"column":4},"end":{"line":4,"column":5}},"loc":{"start":{"line":11,"column":11},"end":{"line":13,"column":5}},"line":11},"1":{"name":"(anonymous_1)","decl":{"start":{"line":17,"column":4},"end":{"line":17,"column":5}},"loc":{"start":{"line":24,"column":11},"end":{"line":26,"column":5}},"line":24},"2":{"name":"(anonymous_2)","decl":{"start":{"line":30,"column":4},"end":{"line":30,"column":5}},"loc":{"start":{"line":37,"column":11},"end":{"line":39,"column":5}},"line":37}},"branchMap":{},"s":{"0":5,"1":7,"2":5,"3":2,"4":5,"5":1},"f":{"0":7,"1":2,"2":1},"b":{},"_coverageSchema":"1a1c01bbd47fc00a2c39e90264f33305004495a9","hash":"7cb9192bddd230ba84f39a9f56b31957a9483c50"}
,"C:\\Users\\khale\\Documents\\Projects\\redux-wrap-up\\src\\store\\entities\\bugs.ts": {"path":"C:\\Users\\khale\\Documents\\Projects\\redux-wrap-up\\src\\store\\entities\\bugs.ts","statementMap":{"0":{"start":{"line":17,"column":14},"end":{"line":82,"column":2}},"1":{"start":{"line":26,"column":12},"end":{"line":26,"column":33}},"2":{"start":{"line":29,"column":12},"end":{"line":29,"column":34}},"3":{"start":{"line":32,"column":12},"end":{"line":32,"column":45}},"4":{"start":{"line":33,"column":12},"end":{"line":33,"column":34}},"5":{"start":{"line":34,"column":12},"end":{"line":34,"column":41}},"6":{"start":{"line":37,"column":42},"end":{"line":37,"column":61}},"7":{"start":{"line":38,"column":26},"end":{"line":38,"column":71}},"8":{"start":{"line":38,"column":54},"end":{"line":38,"column":70}},"9":{"start":{"line":39,"column":12},"end":{"line":40,"column":49}},"10":{"start":{"line":40,"column":16},"end":{"line":40,"column":49}},"11":{"start":{"line":41,"column":12},"end":{"line":41,"column":34}},"12":{"start":{"line":44,"column":12},"end":{"line":44,"column":52}},"13":{"start":{"line":45,"column":12},"end":{"line":45,"column":34}},"14":{"start":{"line":48,"column":24},"end":{"line":48,"column":83}},"15":{"start":{"line":48,"column":49},"end":{"line":48,"column":82}},"16":{"start":{"line":49,"column":12},"end":{"line":69,"column":13}},"17":{"start":{"line":51,"column":16},"end":{"line":53,"column":17}},"18":{"start":{"line":52,"column":20},"end":{"line":52,"column":70}},"19":{"start":{"line":54,"column":16},"end":{"line":56,"column":17}},"20":{"start":{"line":55,"column":20},"end":{"line":55,"column":64}},"21":{"start":{"line":57,"column":16},"end":{"line":59,"column":17}},"22":{"start":{"line":58,"column":20},"end":{"line":58,"column":64}},"23":{"start":{"line":60,"column":16},"end":{"line":62,"column":17}},"24":{"start":{"line":61,"column":20},"end":{"line":61,"column":56}},"25":{"start":{"line":63,"column":16},"end":{"line":65,"column":17}},"26":{"start":{"line":64,"column":20},"end":{"line":64,"column":68}},"27":{"start":{"line":66,"column":16},"end":{"line":66,"column":60}},"28":{"start":{"line":68,"column":16},"end":{"line":68,"column":38}},"29":{"start":{"line":77,"column":26},"end":{"line":77,"column":88}},"30":{"start":{"line":77,"column":54},"end":{"line":77,"column":87}},"31":{"start":{"line":78,"column":12},"end":{"line":78,"column":40}},"32":{"start":{"line":79,"column":12},"end":{"line":79,"column":34}},"33":{"start":{"line":85,"column":111},"end":{"line":85,"column":124}},"34":{"start":{"line":87,"column":12},"end":{"line":87,"column":19}},"35":{"start":{"line":88,"column":18},"end":{"line":88,"column":20}},"36":{"start":{"line":89,"column":23},"end":{"line":99,"column":1}},"37":{"start":{"line":89,"column":29},"end":{"line":99,"column":1}},"38":{"start":{"line":90,"column":4},"end":{"line":98,"column":7}},"39":{"start":{"line":91,"column":8},"end":{"line":97,"column":12}},"40":{"start":{"line":101,"column":22},"end":{"line":115,"column":1}},"41":{"start":{"line":101,"column":36},"end":{"line":115,"column":1}},"42":{"start":{"line":102,"column":19},"end":{"line":109,"column":6}},"43":{"start":{"line":111,"column":4},"end":{"line":111,"column":21}},"44":{"start":{"line":114,"column":4},"end":{"line":114,"column":35}},"45":{"start":{"line":117,"column":25},"end":{"line":126,"column":1}},"46":{"start":{"line":117,"column":48},"end":{"line":126,"column":1}},"47":{"start":{"line":118,"column":4},"end":{"line":125,"column":8}},"48":{"start":{"line":128,"column":25},"end":{"line":137,"column":1}},"49":{"start":{"line":128,"column":41},"end":{"line":137,"column":1}},"50":{"start":{"line":129,"column":4},"end":{"line":136,"column":8}},"51":{"start":{"line":139,"column":31},"end":{"line":148,"column":1}},"52":{"start":{"line":139,"column":54},"end":{"line":148,"column":1}},"53":{"start":{"line":140,"column":4},"end":{"line":147,"column":8}},"54":{"start":{"line":163,"column":38},"end":{"line":164,"column":57}},"55":{"start":{"line":164,"column":4},"end":{"line":164,"column":57}},"56":{"start":{"line":164,"column":43},"end":{"line":164,"column":56}},"57":{"start":{"line":167,"column":37},"end":{"line":170,"column":1}},"58":{"start":{"line":168,"column":25},"end":{"line":168,"column":49}},"59":{"start":{"line":169,"column":21},"end":{"line":169,"column":54}},"60":{"start":{"line":169,"column":40},"end":{"line":169,"column":53}},"61":{"start":{"line":173,"column":43},"end":{"line":176,"column":1}},"62":{"start":{"line":173,"column":75},"end":{"line":176,"column":1}},"63":{"start":{"line":174,"column":25},"end":{"line":174,"column":49}},"64":{"start":{"line":175,"column":21},"end":{"line":175,"column":62}},"65":{"start":{"line":175,"column":40},"end":{"line":175,"column":61}}},"fnMap":{"0":{"name":"(anonymous_0)","decl":{"start":{"line":25,"column":23},"end":{"line":25,"column":24}},"loc":{"start":{"line":25,"column":34},"end":{"line":27,"column":9}},"line":25},"1":{"name":"(anonymous_1)","decl":{"start":{"line":28,"column":27},"end":{"line":28,"column":28}},"loc":{"start":{"line":28,"column":38},"end":{"line":30,"column":9}},"line":28},"2":{"name":"(anonymous_2)","decl":{"start":{"line":31,"column":22},"end":{"line":31,"column":23}},"loc":{"start":{"line":31,"column":41},"end":{"line":35,"column":9}},"line":31},"3":{"name":"(anonymous_3)","decl":{"start":{"line":36,"column":25},"end":{"line":36,"column":26}},"loc":{"start":{"line":36,"column":44},"end":{"line":42,"column":9}},"line":36},"4":{"name":"(anonymous_4)","decl":{"start":{"line":38,"column":47},"end":{"line":38,"column":48}},"loc":{"start":{"line":38,"column":54},"end":{"line":38,"column":70}},"line":38},"5":{"name":"(anonymous_5)","decl":{"start":{"line":43,"column":18},"end":{"line":43,"column":19}},"loc":{"start":{"line":43,"column":37},"end":{"line":46,"column":9}},"line":43},"6":{"name":"(anonymous_6)","decl":{"start":{"line":47,"column":21},"end":{"line":47,"column":22}},"loc":{"start":{"line":47,"column":40},"end":{"line":75,"column":9}},"line":47},"7":{"name":"(anonymous_7)","decl":{"start":{"line":48,"column":40},"end":{"line":48,"column":41}},"loc":{"start":{"line":48,"column":49},"end":{"line":48,"column":82}},"line":48},"8":{"name":"(anonymous_8)","decl":{"start":{"line":76,"column":20},"end":{"line":76,"column":21}},"loc":{"start":{"line":76,"column":39},"end":{"line":80,"column":9}},"line":76},"9":{"name":"(anonymous_9)","decl":{"start":{"line":77,"column":47},"end":{"line":77,"column":48}},"loc":{"start":{"line":77,"column":54},"end":{"line":77,"column":87}},"line":77},"10":{"name":"(anonymous_10)","decl":{"start":{"line":89,"column":23},"end":{"line":89,"column":24}},"loc":{"start":{"line":89,"column":29},"end":{"line":99,"column":1}},"line":89},"11":{"name":"(anonymous_11)","decl":{"start":{"line":89,"column":29},"end":{"line":89,"column":30}},"loc":{"start":{"line":89,"column":79},"end":{"line":99,"column":1}},"line":89},"12":{"name":"(anonymous_12)","decl":{"start":{"line":90,"column":60},"end":{"line":90,"column":61}},"loc":{"start":{"line":90,"column":66},"end":{"line":98,"column":5}},"line":90},"13":{"name":"(anonymous_13)","decl":{"start":{"line":101,"column":22},"end":{"line":101,"column":23}},"loc":{"start":{"line":101,"column":36},"end":{"line":115,"column":1}},"line":101},"14":{"name":"(anonymous_14)","decl":{"start":{"line":101,"column":36},"end":{"line":101,"column":37}},"loc":{"start":{"line":101,"column":60},"end":{"line":115,"column":1}},"line":101},"15":{"name":"(anonymous_15)","decl":{"start":{"line":117,"column":25},"end":{"line":117,"column":26}},"loc":{"start":{"line":117,"column":48},"end":{"line":126,"column":1}},"line":117},"16":{"name":"(anonymous_16)","decl":{"start":{"line":117,"column":48},"end":{"line":117,"column":49}},"loc":{"start":{"line":117,"column":72},"end":{"line":126,"column":1}},"line":117},"17":{"name":"(anonymous_17)","decl":{"start":{"line":128,"column":25},"end":{"line":128,"column":26}},"loc":{"start":{"line":128,"column":41},"end":{"line":137,"column":1}},"line":128},"18":{"name":"(anonymous_18)","decl":{"start":{"line":128,"column":41},"end":{"line":128,"column":42}},"loc":{"start":{"line":128,"column":65},"end":{"line":137,"column":1}},"line":128},"19":{"name":"(anonymous_19)","decl":{"start":{"line":139,"column":31},"end":{"line":139,"column":32}},"loc":{"start":{"line":139,"column":54},"end":{"line":148,"column":1}},"line":139},"20":{"name":"(anonymous_20)","decl":{"start":{"line":139,"column":54},"end":{"line":139,"column":55}},"loc":{"start":{"line":139,"column":78},"end":{"line":148,"column":1}},"line":139},"21":{"name":"(anonymous_21)","decl":{"start":{"line":163,"column":38},"end":{"line":163,"column":39}},"loc":{"start":{"line":164,"column":4},"end":{"line":164,"column":57}},"line":164},"22":{"name":"(anonymous_22)","decl":{"start":{"line":164,"column":36},"end":{"line":164,"column":37}},"loc":{"start":{"line":164,"column":43},"end":{"line":164,"column":56}},"line":164},"23":{"name":"(anonymous_23)","decl":{"start":{"line":168,"column":4},"end":{"line":168,"column":5}},"loc":{"start":{"line":168,"column":25},"end":{"line":168,"column":49}},"line":168},"24":{"name":"(anonymous_24)","decl":{"start":{"line":169,"column":4},"end":{"line":169,"column":5}},"loc":{"start":{"line":169,"column":21},"end":{"line":169,"column":54}},"line":169},"25":{"name":"(anonymous_25)","decl":{"start":{"line":169,"column":33},"end":{"line":169,"column":34}},"loc":{"start":{"line":169,"column":40},"end":{"line":169,"column":53}},"line":169},"26":{"name":"(anonymous_26)","decl":{"start":{"line":173,"column":43},"end":{"line":173,"column":44}},"loc":{"start":{"line":173,"column":75},"end":{"line":176,"column":1}},"line":173},"27":{"name":"(anonymous_27)","decl":{"start":{"line":174,"column":4},"end":{"line":174,"column":5}},"loc":{"start":{"line":174,"column":25},"end":{"line":174,"column":49}},"line":174},"28":{"name":"(anonymous_28)","decl":{"start":{"line":175,"column":4},"end":{"line":175,"column":5}},"loc":{"start":{"line":175,"column":21},"end":{"line":175,"column":62}},"line":175},"29":{"name":"(anonymous_29)","decl":{"start":{"line":175,"column":33},"end":{"line":175,"column":34}},"loc":{"start":{"line":175,"column":40},"end":{"line":175,"column":61}},"line":175}},"branchMap":{"0":{"loc":{"start":{"line":39,"column":12},"end":{"line":40,"column":49}},"type":"if","locations":[{"start":{"line":39,"column":12},"end":{"line":40,"column":49}},{"start":{},"end":{}}],"line":39},"1":{"loc":{"start":{"line":49,"column":12},"end":{"line":69,"column":13}},"type":"if","locations":[{"start":{"line":49,"column":12},"end":{"line":69,"column":13}},{"start":{},"end":{}}],"line":49},"2":{"loc":{"start":{"line":51,"column":16},"end":{"line":53,"column":17}},"type":"if","locations":[{"start":{"line":51,"column":16},"end":{"line":53,"column":17}},{"start":{},"end":{}}],"line":51},"3":{"loc":{"start":{"line":54,"column":16},"end":{"line":56,"column":17}},"type":"if","locations":[{"start":{"line":54,"column":16},"end":{"line":56,"column":17}},{"start":{},"end":{}}],"line":54},"4":{"loc":{"start":{"line":57,"column":16},"end":{"line":59,"column":17}},"type":"if","locations":[{"start":{"line":57,"column":16},"end":{"line":59,"column":17}},{"start":{},"end":{}}],"line":57},"5":{"loc":{"start":{"line":60,"column":16},"end":{"line":62,"column":17}},"type":"if","locations":[{"start":{"line":60,"column":16},"end":{"line":62,"column":17}},{"start":{},"end":{}}],"line":60},"6":{"loc":{"start":{"line":63,"column":16},"end":{"line":65,"column":17}},"type":"if","locations":[{"start":{"line":63,"column":16},"end":{"line":65,"column":17}},{"start":{},"end":{}}],"line":63}},"s":{"0":6,"1":4,"2":2,"3":2,"4":2,"5":2,"6":1,"7":1,"8":1,"9":1,"10":1,"11":1,"12":4,"13":4,"14":4,"15":4,"16":4,"17":3,"18":2,"19":3,"20":1,"21":3,"22":1,"23":3,"24":1,"25":3,"26":1,"27":3,"28":3,"29":1,"30":1,"31":1,"32":1,"33":6,"34":6,"35":6,"36":6,"37":3,"38":3,"39":2,"40":6,"41":3,"42":3,"43":3,"44":3,"45":6,"46":2,"47":2,"48":6,"49":1,"50":1,"51":6,"52":1,"53":1,"54":6,"55":1,"56":3,"57":6,"58":2,"59":1,"60":3,"61":6,"62":1,"63":2,"64":1,"65":3},"f":{"0":4,"1":2,"2":2,"3":1,"4":1,"5":4,"6":4,"7":4,"8":1,"9":1,"10":3,"11":3,"12":2,"13":3,"14":3,"15":2,"16":2,"17":1,"18":1,"19":1,"20":1,"21":1,"22":3,"23":2,"24":1,"25":3,"26":1,"27":2,"28":1,"29":3},"b":{"0":[1,0],"1":[3,1],"2":[2,1],"3":[1,2],"4":[1,2],"5":[1,2],"6":[1,2]},"_coverageSchema":"1a1c01bbd47fc00a2c39e90264f33305004495a9","hash":"7cec731d366a4567c275ff1ced8948463742273b"}
,"C:\\Users\\khale\\Documents\\Projects\\redux-wrap-up\\src\\store\\entities\\users.ts": {"path":"C:\\Users\\khale\\Documents\\Projects\\redux-wrap-up\\src\\store\\entities\\users.ts","statementMap":{"0":{"start":{"line":12,"column":21},"end":{"line":31,"column":2}},"1":{"start":{"line":21,"column":12},"end":{"line":21,"column":33}},"2":{"start":{"line":24,"column":12},"end":{"line":24,"column":45}},"3":{"start":{"line":25,"column":12},"end":{"line":25,"column":34}},"4":{"start":{"line":28,"column":12},"end":{"line":28,"column":34}},"5":{"start":{"line":34,"column":62},"end":{"line":34,"column":75}},"6":{"start":{"line":36,"column":12},"end":{"line":36,"column":20}},"7":{"start":{"line":37,"column":18},"end":{"line":37,"column":20}},"8":{"start":{"line":39,"column":24},"end":{"line":52,"column":1}},"9":{"start":{"line":39,"column":30},"end":{"line":52,"column":1}},"10":{"start":{"line":40,"column":4},"end":{"line":51,"column":7}},"11":{"start":{"line":41,"column":23},"end":{"line":47,"column":10}},"12":{"start":{"line":49,"column":8},"end":{"line":49,"column":25}},"13":{"start":{"line":50,"column":8},"end":{"line":50,"column":39}}},"fnMap":{"0":{"name":"(anonymous_0)","decl":{"start":{"line":20,"column":24},"end":{"line":20,"column":25}},"loc":{"start":{"line":20,"column":35},"end":{"line":22,"column":9}},"line":20},"1":{"name":"(anonymous_1)","decl":{"start":{"line":23,"column":23},"end":{"line":23,"column":24}},"loc":{"start":{"line":23,"column":42},"end":{"line":26,"column":9}},"line":23},"2":{"name":"(anonymous_2)","decl":{"start":{"line":27,"column":28},"end":{"line":27,"column":29}},"loc":{"start":{"line":27,"column":39},"end":{"line":29,"column":9}},"line":27},"3":{"name":"(anonymous_3)","decl":{"start":{"line":39,"column":24},"end":{"line":39,"column":25}},"loc":{"start":{"line":39,"column":30},"end":{"line":52,"column":1}},"line":39},"4":{"name":"(anonymous_4)","decl":{"start":{"line":39,"column":30},"end":{"line":39,"column":31}},"loc":{"start":{"line":39,"column":81},"end":{"line":52,"column":1}},"line":39},"5":{"name":"(anonymous_5)","decl":{"start":{"line":40,"column":68},"end":{"line":40,"column":69}},"loc":{"start":{"line":40,"column":74},"end":{"line":51,"column":5}},"line":40}},"branchMap":{},"s":{"0":4,"1":3,"2":2,"3":2,"4":3,"5":4,"6":4,"7":4,"8":4,"9":4,"10":4,"11":4,"12":4,"13":4},"f":{"0":3,"1":2,"2":3,"3":4,"4":4,"5":4},"b":{},"_coverageSchema":"1a1c01bbd47fc00a2c39e90264f33305004495a9","hash":"6641642424901ed51ca632f42e810f5726880042"}
,"C:\\Users\\khale\\Documents\\Projects\\redux-wrap-up\\src\\store\\middleware\\bugs-api.ts": {"path":"C:\\Users\\khale\\Documents\\Projects\\redux-wrap-up\\src\\store\\middleware\\bugs-api.ts","statementMap":{"0":{"start":{"line":17,"column":16},"end":{"line":54,"column":1}},"1":{"start":{"line":17,"column":58},"end":{"line":54,"column":1}},"2":{"start":{"line":17,"column":97},"end":{"line":54,"column":1}},"3":{"start":{"line":18,"column":4},"end":{"line":18,"column":73}},"4":{"start":{"line":18,"column":53},"end":{"line":18,"column":73}},"5":{"start":{"line":20,"column":63},"end":{"line":20,"column":92}},"6":{"start":{"line":22,"column":4},"end":{"line":22,"column":45}},"7":{"start":{"line":22,"column":17},"end":{"line":22,"column":45}},"8":{"start":{"line":24,"column":4},"end":{"line":24,"column":17}},"9":{"start":{"line":26,"column":4},"end":{"line":52,"column":11}},"10":{"start":{"line":33,"column":12},"end":{"line":33,"column":60}},"11":{"start":{"line":34,"column":12},"end":{"line":39,"column":15}},"12":{"start":{"line":42,"column":12},"end":{"line":42,"column":59}},"13":{"start":{"line":43,"column":12},"end":{"line":51,"column":15}}},"fnMap":{"0":{"name":"(anonymous_0)","decl":{"start":{"line":17,"column":16},"end":{"line":17,"column":17}},"loc":{"start":{"line":17,"column":58},"end":{"line":54,"column":1}},"line":17},"1":{"name":"(anonymous_1)","decl":{"start":{"line":17,"column":58},"end":{"line":17,"column":59}},"loc":{"start":{"line":17,"column":97},"end":{"line":54,"column":1}},"line":17},"2":{"name":"(anonymous_2)","decl":{"start":{"line":17,"column":97},"end":{"line":17,"column":98}},"loc":{"start":{"line":17,"column":123},"end":{"line":54,"column":1}},"line":17},"3":{"name":"(anonymous_3)","decl":{"start":{"line":32,"column":14},"end":{"line":32,"column":15}},"loc":{"start":{"line":32,"column":26},"end":{"line":40,"column":9}},"line":32},"4":{"name":"(anonymous_4)","decl":{"start":{"line":41,"column":15},"end":{"line":41,"column":16}},"loc":{"start":{"line":41,"column":24},"end":{"line":52,"column":9}},"line":41}},"branchMap":{"0":{"loc":{"start":{"line":18,"column":4},"end":{"line":18,"column":73}},"type":"if","locations":[{"start":{"line":18,"column":4},"end":{"line":18,"column":73}},{"start":{},"end":{}}],"line":18},"1":{"loc":{"start":{"line":22,"column":4},"end":{"line":22,"column":45}},"type":"if","locations":[{"start":{"line":22,"column":4},"end":{"line":22,"column":45}},{"start":{},"end":{}}],"line":22}},"s":{"0":2,"1":5,"2":5,"3":21,"4":17,"5":4,"6":4,"7":4,"8":4,"9":4,"10":3,"11":3,"12":1,"13":1},"f":{"0":5,"1":5,"2":21,"3":3,"4":1},"b":{"0":[17,4],"1":[4,0]},"_coverageSchema":"1a1c01bbd47fc00a2c39e90264f33305004495a9","hash":"fd3f3d5f2dfb93f2131a6548a1fb090c27082ed3"}
,"C:\\Users\\khale\\Documents\\Projects\\redux-wrap-up\\src\\store\\middleware\\users-api.ts": {"path":"C:\\Users\\khale\\Documents\\Projects\\redux-wrap-up\\src\\store\\middleware\\users-api.ts","statementMap":{"0":{"start":{"line":17,"column":17},"end":{"line":51,"column":1}},"1":{"start":{"line":17,"column":59},"end":{"line":51,"column":1}},"2":{"start":{"line":17,"column":98},"end":{"line":51,"column":1}},"3":{"start":{"line":18,"column":4},"end":{"line":18,"column":73}},"4":{"start":{"line":18,"column":53},"end":{"line":18,"column":73}},"5":{"start":{"line":20,"column":63},"end":{"line":20,"column":92}},"6":{"start":{"line":22,"column":4},"end":{"line":22,"column":45}},"7":{"start":{"line":22,"column":17},"end":{"line":22,"column":45}},"8":{"start":{"line":24,"column":4},"end":{"line":24,"column":17}},"9":{"start":{"line":26,"column":4},"end":{"line":50,"column":11}},"10":{"start":{"line":33,"column":12},"end":{"line":33,"column":60}},"11":{"start":{"line":34,"column":12},"end":{"line":37,"column":15}},"12":{"start":{"line":40,"column":12},"end":{"line":40,"column":59}},"13":{"start":{"line":41,"column":12},"end":{"line":49,"column":15}}},"fnMap":{"0":{"name":"(anonymous_0)","decl":{"start":{"line":17,"column":17},"end":{"line":17,"column":18}},"loc":{"start":{"line":17,"column":59},"end":{"line":51,"column":1}},"line":17},"1":{"name":"(anonymous_1)","decl":{"start":{"line":17,"column":59},"end":{"line":17,"column":60}},"loc":{"start":{"line":17,"column":98},"end":{"line":51,"column":1}},"line":17},"2":{"name":"(anonymous_2)","decl":{"start":{"line":17,"column":98},"end":{"line":17,"column":99}},"loc":{"start":{"line":17,"column":124},"end":{"line":51,"column":1}},"line":17},"3":{"name":"(anonymous_3)","decl":{"start":{"line":32,"column":14},"end":{"line":32,"column":15}},"loc":{"start":{"line":32,"column":26},"end":{"line":38,"column":9}},"line":32},"4":{"name":"(anonymous_4)","decl":{"start":{"line":39,"column":15},"end":{"line":39,"column":16}},"loc":{"start":{"line":39,"column":24},"end":{"line":50,"column":9}},"line":39}},"branchMap":{"0":{"loc":{"start":{"line":18,"column":4},"end":{"line":18,"column":73}},"type":"if","locations":[{"start":{"line":18,"column":4},"end":{"line":18,"column":73}},{"start":{},"end":{}}],"line":18},"1":{"loc":{"start":{"line":22,"column":4},"end":{"line":22,"column":45}},"type":"if","locations":[{"start":{"line":22,"column":4},"end":{"line":22,"column":45}},{"start":{},"end":{}}],"line":22}},"s":{"0":2,"1":4,"2":4,"3":13,"4":10,"5":3,"6":3,"7":3,"8":3,"9":3,"10":2,"11":2,"12":1,"13":1},"f":{"0":4,"1":4,"2":13,"3":2,"4":1},"b":{"0":[10,3],"1":[3,0]},"_coverageSchema":"1a1c01bbd47fc00a2c39e90264f33305004495a9","hash":"2f6de21a85d802847bba34f8b1ed218636e4f5ff"}
,"C:\\Users\\khale\\Documents\\Projects\\redux-wrap-up\\src\\store\\utils\\cache.ts": {"path":"C:\\Users\\khale\\Documents\\Projects\\redux-wrap-up\\src\\store\\utils\\cache.ts","statementMap":{"0":{"start":{"line":12,"column":32},"end":{"line":25,"column":1}},"1":{"start":{"line":19,"column":18},"end":{"line":19,"column":28}},"2":{"start":{"line":20,"column":26},"end":{"line":20,"column":57}},"3":{"start":{"line":22,"column":4},"end":{"line":24,"column":5}},"4":{"start":{"line":23,"column":8},"end":{"line":23,"column":26}}},"fnMap":{"0":{"name":"(anonymous_0)","decl":{"start":{"line":12,"column":32},"end":{"line":12,"column":33}},"loc":{"start":{"line":18,"column":5},"end":{"line":25,"column":1}},"line":18}},"branchMap":{"0":{"loc":{"start":{"line":20,"column":26},"end":{"line":20,"column":57}},"type":"binary-expr","locations":[{"start":{"line":20,"column":26},"end":{"line":20,"column":51}},{"start":{"line":20,"column":55},"end":{"line":20,"column":57}}],"line":20},"1":{"loc":{"start":{"line":22,"column":4},"end":{"line":24,"column":5}},"type":"if","locations":[{"start":{"line":22,"column":4},"end":{"line":24,"column":5}},{"start":{},"end":{}}],"line":22},"2":{"loc":{"start":{"line":22,"column":8},"end":{"line":22,"column":81}},"type":"binary-expr","locations":[{"start":{"line":22,"column":8},"end":{"line":22,"column":18}},{"start":{"line":22,"column":22},"end":{"line":22,"column":81}}],"line":22}},"s":{"0":8,"1":2,"2":2,"3":2,"4":1},"f":{"0":2},"b":{"0":[2,0],"1":[1,1],"2":[2,1]},"_coverageSchema":"1a1c01bbd47fc00a2c39e90264f33305004495a9","hash":"b7f08bbc27a55f30797a4f5aab580d3415e689af"}
}
