TN:
SF:src\store\reducers.ts
FNF:0
FNH:0
LF:0
LH:0
BRF:0
BRH:0
end_of_record
TN:
SF:src\store\store.ts
FN:8,(anonymous_0)
FNF:1
FNH:1
FNDA:1,(anonymous_0)
DA:6,1
DA:9,1
LF:2
LH:2
BRF:0
BRH:0
end_of_record
TN:
SF:src\store\constants\api-bugs-constants.ts
FN:4,(anonymous_0)
FN:17,(anonymous_1)
FN:30,(anonymous_2)
FNF:3
FNH:2
FNDA:11,(anonymous_0)
FNDA:3,(anonymous_1)
FNDA:0,(anonymous_2)
DA:3,6
DA:11,11
DA:16,6
DA:24,3
DA:29,6
DA:37,0
LF:6
LH:5
BRF:0
BRH:0
end_of_record
TN:
SF:src\store\constants\api-users-constants.ts
FN:4,(anonymous_0)
FN:17,(anonymous_1)
FN:30,(anonymous_2)
FNF:3
FNH:2
FNDA:5,(anonymous_0)
FNDA:0,(anonymous_1)
FNDA:1,(anonymous_2)
DA:3,4
DA:11,5
DA:16,4
DA:24,0
DA:29,4
DA:37,1
LF:6
LH:5
BRF:0
BRH:0
end_of_record
TN:
SF:src\store\entities\bugs.ts
FN:25,(anonymous_0)
FN:28,(anonymous_1)
FN:31,(anonymous_2)
FN:36,(anonymous_3)
FN:38,(anonymous_4)
FN:42,(anonymous_5)
FN:46,(anonymous_6)
FN:47,(anonymous_7)
FN:77,(anonymous_8)
FN:78,(anonymous_9)
FN:89,(anonymous_10)
FN:89,(anonymous_11)
FN:90,(anonymous_12)
FN:101,(anonymous_13)
FN:101,(anonymous_14)
FN:117,(anonymous_15)
FN:117,(anonymous_16)
FN:128,(anonymous_17)
FN:128,(anonymous_18)
FN:151,(anonymous_19)
FN:152,(anonymous_20)
FN:156,(anonymous_21)
FN:157,(anonymous_22)
FN:157,(anonymous_23)
FN:161,(anonymous_24)
FN:162,(anonymous_25)
FN:163,(anonymous_26)
FN:163,(anonymous_27)
FNF:28
FNH:23
FNDA:3,(anonymous_0)
FNDA:0,(anonymous_1)
FNDA:2,(anonymous_2)
FNDA:0,(anonymous_3)
FNDA:0,(anonymous_4)
FNDA:4,(anonymous_5)
FNDA:4,(anonymous_6)
FNDA:4,(anonymous_7)
FNDA:0,(anonymous_8)
FNDA:0,(anonymous_9)
FNDA:3,(anonymous_10)
FNDA:3,(anonymous_11)
FNDA:2,(anonymous_12)
FNDA:2,(anonymous_13)
FNDA:2,(anonymous_14)
FNDA:2,(anonymous_15)
FNDA:2,(anonymous_16)
FNDA:1,(anonymous_17)
FNDA:1,(anonymous_18)
FNDA:1,(anonymous_19)
FNDA:3,(anonymous_20)
FNDA:2,(anonymous_21)
FNDA:1,(anonymous_22)
FNDA:3,(anonymous_23)
FNDA:1,(anonymous_24)
FNDA:2,(anonymous_25)
FNDA:1,(anonymous_26)
FNDA:3,(anonymous_27)
DA:17,6
DA:26,3
DA:29,0
DA:32,2
DA:33,2
DA:34,2
DA:37,0
DA:38,0
DA:39,0
DA:40,0
DA:43,4
DA:44,4
DA:47,4
DA:48,4
DA:50,3
DA:51,1
DA:53,3
DA:54,0
DA:56,3
DA:57,0
DA:59,3
DA:60,0
DA:62,3
DA:63,3
DA:64,0
DA:66,3
DA:67,0
DA:69,3
DA:78,0
DA:79,0
DA:85,6
DA:87,6
DA:88,6
DA:89,6
DA:90,3
DA:91,2
DA:101,6
DA:102,2
DA:111,2
DA:114,2
DA:117,6
DA:118,2
DA:128,6
DA:129,1
DA:151,6
DA:152,3
DA:155,6
DA:156,2
DA:157,3
DA:161,6
DA:162,2
DA:163,3
LF:52
LH:40
BRDA:39,0,0,0
BRDA:39,0,1,0
BRDA:48,1,0,3
BRDA:48,1,1,1
BRDA:50,2,0,1
BRDA:50,2,1,2
BRDA:53,3,0,0
BRDA:53,3,1,3
BRDA:56,4,0,0
BRDA:56,4,1,3
BRDA:59,5,0,0
BRDA:59,5,1,3
BRDA:63,6,0,0
BRDA:63,6,1,3
BRDA:66,7,0,0
BRDA:66,7,1,3
BRDA:123,8,0,2
BRDA:123,8,1,0
BRF:18
BRH:10
end_of_record
TN:
SF:src\store\entities\users.ts
FN:20,(anonymous_0)
FN:23,(anonymous_1)
FN:27,(anonymous_2)
FN:39,(anonymous_3)
FN:39,(anonymous_4)
FN:40,(anonymous_5)
FNF:6
FNH:6
FNDA:3,(anonymous_0)
FNDA:2,(anonymous_1)
FNDA:3,(anonymous_2)
FNDA:4,(anonymous_3)
FNDA:4,(anonymous_4)
FNDA:4,(anonymous_5)
DA:12,4
DA:21,3
DA:24,2
DA:25,2
DA:28,3
DA:34,4
DA:36,4
DA:37,4
DA:39,4
DA:40,4
DA:41,4
DA:49,4
DA:50,4
LF:13
LH:13
BRF:0
BRH:0
end_of_record
TN:
SF:src\store\middleware\bugs-api.ts
FN:17,(anonymous_0)
FN:17,(anonymous_1)
FN:17,(anonymous_2)
FN:32,(anonymous_3)
FN:41,(anonymous_4)
FNF:5
FNH:4
FNDA:4,(anonymous_0)
FNDA:4,(anonymous_1)
FNDA:17,(anonymous_2)
FNDA:3,(anonymous_3)
FNDA:0,(anonymous_4)
DA:17,4
DA:18,17
DA:20,3
DA:22,3
DA:24,3
DA:26,3
DA:33,3
DA:34,3
DA:42,0
DA:43,0
LF:10
LH:8
BRDA:18,0,0,14
BRDA:18,0,1,3
BRDA:22,1,0,3
BRDA:22,1,1,0
BRF:4
BRH:3
end_of_record
TN:
SF:src\store\middleware\users-api.ts
FN:17,(anonymous_0)
FN:17,(anonymous_1)
FN:17,(anonymous_2)
FN:32,(anonymous_3)
FN:39,(anonymous_4)
FNF:5
FNH:4
FNDA:1,(anonymous_0)
FNDA:1,(anonymous_1)
FNDA:4,(anonymous_2)
FNDA:0,(anonymous_3)
FNDA:1,(anonymous_4)
DA:17,1
DA:18,4
DA:20,1
DA:22,1
DA:24,1
DA:26,1
DA:33,0
DA:34,0
DA:40,1
DA:41,1
LF:10
LH:8
BRDA:18,0,0,3
BRDA:18,0,1,1
BRDA:22,1,0,1
BRDA:22,1,1,0
BRF:4
BRH:3
end_of_record
TN:
SF:src\store\utils\cache.ts
FN:12,(anonymous_0)
FNF:1
FNH:1
FNDA:2,(anonymous_0)
DA:12,8
DA:19,2
DA:20,2
DA:22,2
DA:23,1
LF:5
LH:5
BRDA:20,0,0,2
BRDA:20,0,1,0
BRDA:22,1,0,1
BRDA:22,1,1,1
BRDA:22,2,0,2
BRDA:22,2,1,1
BRF:6
BRH:5
end_of_record
