TN:
SF:src\store\reducers.ts
FNF:0
FNH:0
LF:0
LH:0
BRF:0
BRH:0
end_of_record
TN:
SF:src\store\store.ts
FN:8,(anonymous_0)
FNF:1
FNH:1
FNDA:1,(anonymous_0)
DA:6,1
DA:9,1
LF:2
LH:2
BRF:0
BRH:0
end_of_record
TN:
SF:src\store\constants\api-bugs-constants.ts
FN:4,(anonymous_0)
FN:17,(anonymous_1)
FN:30,(anonymous_2)
FNF:3
FNH:3
FNDA:14,(anonymous_0)
FNDA:3,(anonymous_1)
FNDA:1,(anonymous_2)
DA:3,6
DA:11,14
DA:16,6
DA:24,3
DA:29,6
DA:37,1
LF:6
LH:6
BRF:0
BRH:0
end_of_record
TN:
SF:src\store\constants\api-users-constants.ts
FN:4,(anonymous_0)
FN:17,(anonymous_1)
FN:30,(anonymous_2)
FNF:3
FNH:3
FNDA:7,(anonymous_0)
FNDA:2,(anonymous_1)
FNDA:1,(anonymous_2)
DA:3,5
DA:11,7
DA:16,5
DA:24,2
DA:29,5
DA:37,1
LF:6
LH:6
BRF:0
BRH:0
end_of_record
TN:
SF:src\store\entities\bugs.ts
FN:25,(anonymous_0)
FN:28,(anonymous_1)
FN:31,(anonymous_2)
FN:36,(anonymous_3)
FN:38,(anonymous_4)
FN:43,(anonymous_5)
FN:47,(anonymous_6)
FN:48,(anonymous_7)
FN:76,(anonymous_8)
FN:77,(anonymous_9)
FN:89,(anonymous_10)
FN:89,(anonymous_11)
FN:90,(anonymous_12)
FN:101,(anonymous_13)
FN:101,(anonymous_14)
FN:117,(anonymous_15)
FN:117,(anonymous_16)
FN:128,(anonymous_17)
FN:128,(anonymous_18)
FN:139,(anonymous_19)
FN:139,(anonymous_20)
FN:163,(anonymous_21)
FN:164,(anonymous_22)
FN:168,(anonymous_23)
FN:169,(anonymous_24)
FN:169,(anonymous_25)
FN:173,(anonymous_26)
FN:174,(anonymous_27)
FN:175,(anonymous_28)
FN:175,(anonymous_29)
FNF:30
FNH:30
FNDA:4,(anonymous_0)
FNDA:2,(anonymous_1)
FNDA:2,(anonymous_2)
FNDA:1,(anonymous_3)
FNDA:1,(anonymous_4)
FNDA:4,(anonymous_5)
FNDA:4,(anonymous_6)
FNDA:4,(anonymous_7)
FNDA:1,(anonymous_8)
FNDA:1,(anonymous_9)
FNDA:3,(anonymous_10)
FNDA:3,(anonymous_11)
FNDA:2,(anonymous_12)
FNDA:3,(anonymous_13)
FNDA:3,(anonymous_14)
FNDA:2,(anonymous_15)
FNDA:2,(anonymous_16)
FNDA:1,(anonymous_17)
FNDA:1,(anonymous_18)
FNDA:1,(anonymous_19)
FNDA:1,(anonymous_20)
FNDA:1,(anonymous_21)
FNDA:3,(anonymous_22)
FNDA:2,(anonymous_23)
FNDA:1,(anonymous_24)
FNDA:3,(anonymous_25)
FNDA:1,(anonymous_26)
FNDA:2,(anonymous_27)
FNDA:1,(anonymous_28)
FNDA:3,(anonymous_29)
DA:17,6
DA:26,4
DA:29,2
DA:32,2
DA:33,2
DA:34,2
DA:37,1
DA:38,1
DA:39,1
DA:40,1
DA:41,1
DA:44,4
DA:45,4
DA:48,4
DA:49,4
DA:51,3
DA:52,2
DA:54,3
DA:55,1
DA:57,3
DA:58,1
DA:60,3
DA:61,1
DA:63,3
DA:64,1
DA:66,3
DA:68,3
DA:77,1
DA:78,1
DA:79,1
DA:85,6
DA:87,6
DA:88,6
DA:89,6
DA:90,3
DA:91,2
DA:101,6
DA:102,3
DA:111,3
DA:114,3
DA:117,6
DA:118,2
DA:128,6
DA:129,1
DA:139,6
DA:140,1
DA:163,6
DA:164,3
DA:167,6
DA:168,2
DA:169,3
DA:173,6
DA:174,2
DA:175,3
LF:54
LH:54
BRDA:39,0,0,1
BRDA:39,0,1,0
BRDA:49,1,0,3
BRDA:49,1,1,1
BRDA:51,2,0,2
BRDA:51,2,1,1
BRDA:54,3,0,1
BRDA:54,3,1,2
BRDA:57,4,0,1
BRDA:57,4,1,2
BRDA:60,5,0,1
BRDA:60,5,1,2
BRDA:63,6,0,1
BRDA:63,6,1,2
BRF:14
BRH:13
end_of_record
TN:
SF:src\store\entities\users.ts
FN:20,(anonymous_0)
FN:23,(anonymous_1)
FN:27,(anonymous_2)
FN:39,(anonymous_3)
FN:39,(anonymous_4)
FN:40,(anonymous_5)
FNF:6
FNH:6
FNDA:3,(anonymous_0)
FNDA:2,(anonymous_1)
FNDA:3,(anonymous_2)
FNDA:4,(anonymous_3)
FNDA:4,(anonymous_4)
FNDA:4,(anonymous_5)
DA:12,4
DA:21,3
DA:24,2
DA:25,2
DA:28,3
DA:34,4
DA:36,4
DA:37,4
DA:39,4
DA:40,4
DA:41,4
DA:49,4
DA:50,4
LF:13
LH:13
BRF:0
BRH:0
end_of_record
TN:
SF:src\store\middleware\bugs-api.ts
FN:17,(anonymous_0)
FN:17,(anonymous_1)
FN:17,(anonymous_2)
FN:32,(anonymous_3)
FN:41,(anonymous_4)
FNF:5
FNH:5
FNDA:5,(anonymous_0)
FNDA:5,(anonymous_1)
FNDA:21,(anonymous_2)
FNDA:3,(anonymous_3)
FNDA:1,(anonymous_4)
DA:17,5
DA:18,21
DA:20,4
DA:22,4
DA:24,4
DA:26,4
DA:33,3
DA:34,3
DA:42,1
DA:43,1
LF:10
LH:10
BRDA:18,0,0,17
BRDA:18,0,1,4
BRDA:22,1,0,4
BRDA:22,1,1,0
BRF:4
BRH:3
end_of_record
TN:
SF:src\store\middleware\users-api.ts
FN:17,(anonymous_0)
FN:17,(anonymous_1)
FN:17,(anonymous_2)
FN:32,(anonymous_3)
FN:39,(anonymous_4)
FNF:5
FNH:5
FNDA:4,(anonymous_0)
FNDA:4,(anonymous_1)
FNDA:13,(anonymous_2)
FNDA:2,(anonymous_3)
FNDA:1,(anonymous_4)
DA:17,4
DA:18,13
DA:20,3
DA:22,3
DA:24,3
DA:26,3
DA:33,2
DA:34,2
DA:40,1
DA:41,1
LF:10
LH:10
BRDA:18,0,0,10
BRDA:18,0,1,3
BRDA:22,1,0,3
BRDA:22,1,1,0
BRF:4
BRH:3
end_of_record
TN:
SF:src\store\utils\cache.ts
FN:12,(anonymous_0)
FNF:1
FNH:1
FNDA:2,(anonymous_0)
DA:12,8
DA:19,2
DA:20,2
DA:22,2
DA:23,1
LF:5
LH:5
BRDA:20,0,0,2
BRDA:20,0,1,0
BRDA:22,1,0,1
BRDA:22,1,1,1
BRDA:22,2,0,2
BRDA:22,2,1,1
BRF:6
BRH:5
end_of_record
